#
# A fatal error has been detected by the Java Runtime Environment:
#
#  SIGSEGV (0xb) at pc=0x000000011cc6156c, pid=7767, tid=6915
#
# JRE version: Java(TM) SE Runtime Environment (7.0_80-b15) (build 1.7.0_80-b15)
# Java VM: Java HotSpot(TM) 64-Bit Server VM (24.80-b11 mixed mode bsd-amd64 compressed oops)
# Problematic frame:
# C  [libtesseract.dylib+0x1256c]  tesseract::Tesseract::recog_all_words(PAGE_RES*, ETEXT_DESC*, TBOX const*, char const*, int)+0xaa
#
# Failed to write core dump. Core dumps have been disabled. To enable core dumping, try "ulimit -c unlimited" before starting Java again
#
# If you would like to submit a bug report, please visit:
#   http://bugreport.java.com/bugreport/crash.jsp
# The crash happened outside the Java Virtual Machine in native code.
# See problematic frame for where to report the bug.
#

---------------  T H R E A D  ---------------

Current thread (0x00007f9be7801800):  JavaThread "main" [_thread_in_native, id=6915, stack(0x000070000a5d3000,0x000070000a6d3000)]

siginfo:si_signo=SIGSEGV: si_errno=0, si_code=1 (SEGV_MAPERR), si_addr=0x000000000000000c

Registers:
RAX=0x0000000000000000, RBX=0x0000000000000000, RCX=0x0000000000000000, RDX=0x00007f9be570a970
RSP=0x000070000a6d0850, RBP=0x000070000a6d09c0, RSI=0x0000000000000001, RDI=0x000070000a6d08c0
R8 =0x0000000000000000, R9 =0x0000000000000000, R10=0x00000000fff00000, R11=0x0000000000000006
R12=0x0000000000000000, R13=0x0000000000000000, R14=0x00007f9be570a910, R15=0x00007f9be6a61600
RIP=0x000000011cc6156c, EFLAGS=0x0000000000010246, ERR=0x0000000000000004
  TRAPNO=0x000000000000000e

Top of Stack: (sp=0x000070000a6d0850)
0x000070000a6d0850:   0000000000000000 00007f9be570a910
0x000070000a6d0860:   0000000000000000 0000000000000000
0x000070000a6d0870:   0000000000000000 00007f9be570a590
0x000070000a6d0880:   00007f9be570a9a0 00007f9be570a970
0x000070000a6d0890:   0000000000000000 0000000000000000
0x000070000a6d08a0:   0000000000000000 00007f9be570a918
0x000070000a6d08b0:   00007f9be570a970 00007f9be570a970
0x000070000a6d08c0:   00007f9be570a970 00007f9be5700000
0x000070000a6d08d0:   00007f9be570a970 00007f9be570aa01
0x000070000a6d08e0:   00007f9be570a998 00007f9be570a9a0
0x000070000a6d08f0:   00007f9be570a9a0 00007f9be570a9a0
0x000070000a6d0900:   00007f9be5700000 00007f9be570a9a0
0x000070000a6d0910:   0000000000000001 00007f9be570a9c0
0x000070000a6d0920:   00007f9be570a590 00007f9be570a590
0x000070000a6d0930:   00007f9be570a590 00007f9be5700000
0x000070000a6d0940:   00007f9be570a590 000000011cc51001
0x000070000a6d0950:   00007f9be570a400 000000011cdef45c
0x000070000a6d0960:   00007f9be6a617f8 00007f9be536fc60
0x000070000a6d0970:   00007f9be536fc60 00007f9be6a61600
0x000070000a6d0980:   0000000000000000 0000000000000000
0x000070000a6d0990:   000000000a6d09c0 000070000a6d0a01
0x000070000a6d09a0:   00007f9be536fc60 00007f9be6a61600
0x000070000a6d09b0:   00000000ffffffff 0000000000000000
0x000070000a6d09c0:   000070000a6d0a30 000000011cc52c56
0x000070000a6d09d0:   00007f9be536fc60 00007f9be570a7e0
0x000070000a6d09e0:   000070000a6d0a00 00007fffad9eb200
0x000070000a6d09f0:   0000000000000045 0000000000000046
0x000070000a6d0a00:   010070000a6d0a30 00007f9be536fc60
0x000070000a6d0a10:   0000000000000008 0000000000000001
0x000070000a6d0a20:   0000000000000000 00007f9be3faf3e0
0x000070000a6d0a30:   000070000a6d0a70 000000011cc518a8
0x000070000a6d0a40:   0000000000000000 0000000000000001 

Instructions: (pc=0x000000011cc6156c)
0x000000011cc6154c:   e8 7d c0 10 00 41 83 bf c0 16 00 00 00 7e 0a 4c
0x000000011cc6155c:   89 ff e8 bd 02 0c 00 eb 15 49 8b 87 10 0b 00 00
0x000000011cc6156c:   80 78 0c 00 74 08 4c 89 ff e8 1a 03 0c 00 41 83
0x000000011cc6157c:   bf 40 4c 00 00 00 7e 3e 31 db 49 8b 87 48 4c 00 

Register to memory mapping:

RAX=0x0000000000000000 is an unknown value
RBX=0x0000000000000000 is an unknown value
RCX=0x0000000000000000 is an unknown value
RDX=0x00007f9be570a970 is an unknown value
RSP=0x000070000a6d0850 is pointing into the stack for thread: 0x00007f9be7801800
RBP=0x000070000a6d09c0 is pointing into the stack for thread: 0x00007f9be7801800
RSI=0x0000000000000001 is an unknown value
RDI=0x000070000a6d08c0 is pointing into the stack for thread: 0x00007f9be7801800
R8 =0x0000000000000000 is an unknown value
R9 =0x0000000000000000 is an unknown value
R10=0x00000000fff00000 is an unknown value
R11=0x0000000000000006 is an unknown value
R12=0x0000000000000000 is an unknown value
R13=0x0000000000000000 is an unknown value
R14=0x00007f9be570a910 is an unknown value
R15=0x00007f9be6a61600 is an unknown value


Stack: [0x000070000a5d3000,0x000070000a6d3000],  sp=0x000070000a6d0850,  free space=1014k
Native frames: (J=compiled Java code, j=interpreted, Vv=VM code, C=native code)
C  [libtesseract.dylib+0x1256c]  tesseract::Tesseract::recog_all_words(PAGE_RES*, ETEXT_DESC*, TBOX const*, char const*, int)+0xaa
C  [libtesseract.dylib+0x3c56]  tesseract::TessBaseAPI::Recognize(ETEXT_DESC*)+0x32a
C  [libtesseract.dylib+0x28a8]  tesseract::TessBaseAPI::GetUTF8Text()+0x30
C  [jna7190787538872838617.tmp+0xd94c]  ffi_call_unix64+0x4c

Java frames: (J=compiled Java code, j=interpreted, Vv=VM code)
j  net.sourceforge.tess4j.TessAPI1.TessBaseAPIGetUTF8Text(Lnet/sourceforge/tess4j/ITessAPI$TessBaseAPI;)Lcom/sun/jna/Pointer;+0
j  net.sourceforge.tess4j.Tesseract1.getOCRText(Ljava/lang/String;I)Ljava/lang/String;+46
j  net.sourceforge.tess4j.Tesseract1.doOCR(Ljava/util/List;Ljava/lang/String;Ljava/awt/Rectangle;)Ljava/lang/String;+69
j  net.sourceforge.tess4j.Tesseract1.doOCR(Ljava/io/File;Ljava/awt/Rectangle;)Ljava/lang/String;+10
j  net.sourceforge.tess4j.Tesseract1.doOCR(Ljava/io/File;)Ljava/lang/String;+3
j  com.csocr.web.Tesseract1Test.testDoOCR_File()V+30
v  ~StubRoutines::call_stub
j  sun.reflect.NativeMethodAccessorImpl.invoke0(Ljava/lang/reflect/Method;Ljava/lang/Object;[Ljava/lang/Object;)Ljava/lang/Object;+0
j  sun.reflect.NativeMethodAccessorImpl.invoke(Ljava/lang/Object;[Ljava/lang/Object;)Ljava/lang/Object;+87
j  sun.reflect.DelegatingMethodAccessorImpl.invoke(Ljava/lang/Object;[Ljava/lang/Object;)Ljava/lang/Object;+6
j  java.lang.reflect.Method.invoke(Ljava/lang/Object;[Ljava/lang/Object;)Ljava/lang/Object;+57
j  org.junit.runners.model.FrameworkMethod$1.runReflectiveCall()Ljava/lang/Object;+15
j  org.junit.internal.runners.model.ReflectiveCallable.run()Ljava/lang/Object;+1
j  org.junit.runners.model.FrameworkMethod.invokeExplosively(Ljava/lang/Object;[Ljava/lang/Object;)Ljava/lang/Object;+10
j  org.junit.internal.runners.statements.InvokeMethod.evaluate()V+12
j  org.junit.internal.runners.statements.RunBefores.evaluate()V+49
j  org.junit.internal.runners.statements.RunAfters.evaluate()V+12
j  org.junit.runners.ParentRunner.runLeaf(Lorg/junit/runners/model/Statement;Lorg/junit/runner/Description;Lorg/junit/runner/notification/RunNotifier;)V+17
j  org.junit.runners.BlockJUnit4ClassRunner.runChild(Lorg/junit/runners/model/FrameworkMethod;Lorg/junit/runner/notification/RunNotifier;)V+32
j  org.junit.runners.BlockJUnit4ClassRunner.runChild(Ljava/lang/Object;Lorg/junit/runner/notification/RunNotifier;)V+6
j  org.junit.runners.ParentRunner$3.run()V+12
j  org.junit.runners.ParentRunner$1.schedule(Ljava/lang/Runnable;)V+1
j  org.junit.runners.ParentRunner.runChildren(Lorg/junit/runner/notification/RunNotifier;)V+40
j  org.junit.runners.ParentRunner.access$000(Lorg/junit/runners/ParentRunner;Lorg/junit/runner/notification/RunNotifier;)V+2
j  org.junit.runners.ParentRunner$2.evaluate()V+8
j  org.junit.internal.runners.statements.RunBefores.evaluate()V+49
j  org.junit.internal.runners.statements.RunAfters.evaluate()V+12
j  org.junit.runners.ParentRunner.run(Lorg/junit/runner/notification/RunNotifier;)V+20
j  org.eclipse.jdt.internal.junit4.runner.JUnit4TestReference.run(Lorg/eclipse/jdt/internal/junit/runner/TestExecution;)V+72
j  org.eclipse.jdt.internal.junit.runner.TestExecution.run([Lorg/eclipse/jdt/internal/junit/runner/ITestReference;)V+17
j  org.eclipse.jdt.internal.junit.runner.RemoteTestRunner.runTests([Ljava/lang/String;Ljava/lang/String;Lorg/eclipse/jdt/internal/junit/runner/TestExecution;)V+61
j  org.eclipse.jdt.internal.junit.runner.RemoteTestRunner.runTests(Lorg/eclipse/jdt/internal/junit/runner/TestExecution;)V+10
j  org.eclipse.jdt.internal.junit.runner.RemoteTestRunner.run()V+70
j  org.eclipse.jdt.internal.junit.runner.RemoteTestRunner.main([Ljava/lang/String;)V+14
v  ~StubRoutines::call_stub

---------------  P R O C E S S  ---------------

Java Threads: ( => current thread )
  0x00007f9be5987800 JavaThread "Java2D Disposer" daemon [_thread_blocked, id=51247, stack(0x000070000bc1e000,0x000070000bd1e000)]
  0x00007f9be5a75000 JavaThread "AWT-Shutdown" [_thread_blocked, id=32543, stack(0x000070000b90f000,0x000070000ba0f000)]
  0x00007f9be60e8800 JavaThread "AWT-AppKit" daemon [_thread_in_native, id=775, stack(0x00007fff50153000,0x00007fff50953000)]
  0x00007f9be4806800 JavaThread "ReaderThread" [_thread_in_native, id=21251, stack(0x000070000b789000,0x000070000b889000)]
  0x00007f9be4006800 JavaThread "Service Thread" daemon [_thread_blocked, id=20227, stack(0x000070000b583000,0x000070000b683000)]
  0x00007f9be4005800 JavaThread "C2 CompilerThread1" daemon [_thread_blocked, id=19715, stack(0x000070000b480000,0x000070000b580000)]
  0x00007f9be6813000 JavaThread "C2 CompilerThread0" daemon [_thread_in_native, id=19203, stack(0x000070000b37d000,0x000070000b47d000)]
  0x00007f9be6800000 JavaThread "Signal Dispatcher" daemon [_thread_blocked, id=18691, stack(0x000070000b27a000,0x000070000b37a000)]
  0x00007f9be580f000 JavaThread "Finalizer" daemon [_thread_blocked, id=14339, stack(0x000070000b0f4000,0x000070000b1f4000)]
  0x00007f9be580e000 JavaThread "Reference Handler" daemon [_thread_blocked, id=13827, stack(0x000070000aff1000,0x000070000b0f1000)]
=>0x00007f9be7801800 JavaThread "main" [_thread_in_native, id=6915, stack(0x000070000a5d3000,0x000070000a6d3000)]

Other Threads:
  0x00007f9be580b800 VMThread [stack: 0x000070000aeee000,0x000070000afee000] [id=13315]
  0x00007f9be680e800 WatcherThread [stack: 0x000070000b686000,0x000070000b786000] [id=20739]

VM state:not at safepoint (normal execution)

VM Mutex/Monitor currently owned by a thread: None

Heap
 PSYoungGen      total 153600K, used 41280K [0x00000007d5500000, 0x00000007e0000000, 0x0000000800000000)
  eden space 132096K, 31% used [0x00000007d5500000,0x00000007d7d501f0,0x00000007dd600000)
  from space 21504K, 0% used [0x00000007deb00000,0x00000007deb00000,0x00000007e0000000)
  to   space 21504K, 0% used [0x00000007dd600000,0x00000007dd600000,0x00000007deb00000)
 ParOldGen       total 349696K, used 0K [0x0000000780000000, 0x0000000795580000, 0x00000007d5500000)
  object space 349696K, 0% used [0x0000000780000000,0x0000000780000000,0x0000000795580000)
 PSPermGen       total 21504K, used 10883K [0x000000077ae00000, 0x000000077c300000, 0x0000000780000000)
  object space 21504K, 50% used [0x000000077ae00000,0x000000077b8a0f58,0x000000077c300000)

Card table byte_map: [0x0000000114037000,0x0000000114461000] byte_map_base: 0x0000000110460000

Polling page: 0x000000010f37a000

Code Cache  [0x0000000110f77000, 0x00000001111e7000, 0x0000000113f77000)
 total_blobs=396 nmethods=76 adapters=274 free_code_cache=48520Kb largest_free_block=49662336

Compilation events (10 events):
Event: 0.871 Thread 0x00007f9be4005800   73             java.nio.charset.CharsetEncoder::reset (11 bytes)
Event: 0.871 Thread 0x00007f9be4005800 nmethod 73 0x0000000111011a90 code [0x0000000111011bc0, 0x0000000111011c18]
Event: 0.871 Thread 0x00007f9be4005800   74             java.nio.charset.CharsetEncoder::implReset (1 bytes)
Event: 0.871 Thread 0x00007f9be4005800 nmethod 74 0x0000000111011890 code [0x00000001110119c0, 0x0000000111011a18]
Event: 0.871 Thread 0x00007f9be4005800   75             java.util.zip.ZipFile::ensureOpen (37 bytes)
Event: 0.871 Thread 0x00007f9be4005800 nmethod 75 0x0000000111013110 code [0x0000000111013260, 0x0000000111013318]
Event: 0.871 Thread 0x00007f9be4005800   76             java.util.zip.ZipCoder::getBytes (192 bytes)
Event: 0.876 Thread 0x00007f9be4005800 nmethod 76 0x000000011100ef50 code [0x000000011100f100, 0x000000011100f6d8]
Event: 0.876 Thread 0x00007f9be4005800   77             java.util.zip.ZipCoder::encoder (35 bytes)
Event: 0.877 Thread 0x00007f9be4005800 nmethod 77 0x000000011100fb90 code [0x000000011100fd00, 0x000000011100fe88]

GC Heap History (0 events):
No events

Deoptimization events (7 events):
Event: 0.085 Thread 0x00007f9be7801800 Uncommon trap: reason=unstable_if action=reinterpret pc=0x0000000110fd77e8 method=java.lang.String.hashCode()I @ 14
Event: 0.102 Thread 0x00007f9be7801800 Uncommon trap: reason=unstable_if action=reinterpret pc=0x0000000110fd7380 method=java.lang.String.indexOf(II)I @ 49
Event: 0.130 Thread 0x00007f9be7801800 Uncommon trap: reason=unstable_if action=reinterpret pc=0x0000000110fd9f30 method=java.lang.String.indexOf([CII[CIII)I @ 3
Event: 0.266 Thread 0x00007f9be7801800 Uncommon trap: reason=null_check action=make_not_entrant pc=0x0000000110fdb724 method=java.lang.String.equals(Ljava/lang/Object;)Z @ 8
Event: 0.280 Thread 0x00007f9be7801800 Uncommon trap: reason=unstable_if action=reinterpret pc=0x0000000110fdbbb8 method=java.lang.String.lastIndexOf([CII[CIII)I @ 17
Event: 0.428 Thread 0x00007f9be7801800 Uncommon trap: reason=unstable_if action=reinterpret pc=0x0000000110fe4150 method=java.lang.String.lastIndexOf([CII[CIII)I @ 118
Event: 0.714 Thread 0x00007f9be7801800 Uncommon trap: reason=unstable_if action=reinterpret pc=0x0000000110fe8b3c method=sun.nio.cs.UTF_8$Decoder.decode([BII[C)I @ 30

Internal exceptions (10 events):
Event: 0.871 Thread 0x00007f9be7801800 Threw 0x00000007d79e1390 at /Users/java_re/workspace/7u-2-build-macosx-x86_64/jdk7u80/2329/hotspot/src/share/vm/prims/jvm.cpp:1319
Event: 0.871 Thread 0x00007f9be7801800 Threw 0x00000007d79e7cc8 at /Users/java_re/workspace/7u-2-build-macosx-x86_64/jdk7u80/2329/hotspot/src/share/vm/prims/jvm.cpp:1319
Event: 0.871 Thread 0x00007f9be7801800 Threw 0x00000007d79ee418 at /Users/java_re/workspace/7u-2-build-macosx-x86_64/jdk7u80/2329/hotspot/src/share/vm/prims/jvm.cpp:1319
Event: 0.872 Thread 0x00007f9be7801800 Threw 0x00000007d79f4960 at /Users/java_re/workspace/7u-2-build-macosx-x86_64/jdk7u80/2329/hotspot/src/share/vm/prims/jvm.cpp:1319
Event: 0.872 Thread 0x00007f9be7801800 Threw 0x00000007d79fc208 at /Users/java_re/workspace/7u-2-build-macosx-x86_64/jdk7u80/2329/hotspot/src/share/vm/prims/jvm.cpp:1319
Event: 0.872 Thread 0x00007f9be7801800 Threw 0x00000007d7a029f0 at /Users/java_re/workspace/7u-2-build-macosx-x86_64/jdk7u80/2329/hotspot/src/share/vm/prims/jvm.cpp:1319
Event: 0.873 Thread 0x00007f9be7801800 Threw 0x00000007d7a091a8 at /Users/java_re/workspace/7u-2-build-macosx-x86_64/jdk7u80/2329/hotspot/src/share/vm/prims/jvm.cpp:1319
Event: 0.873 Thread 0x00007f9be7801800 Threw 0x00000007d7a0f760 at /Users/java_re/workspace/7u-2-build-macosx-x86_64/jdk7u80/2329/hotspot/src/share/vm/prims/jvm.cpp:1319
Event: 0.873 Thread 0x00007f9be7801800 Threw 0x00000007d7a15df0 at /Users/java_re/workspace/7u-2-build-macosx-x86_64/jdk7u80/2329/hotspot/src/share/vm/prims/jvm.cpp:1319
Event: 0.873 Thread 0x00007f9be7801800 Threw 0x00000007d7a1c430 at /Users/java_re/workspace/7u-2-build-macosx-x86_64/jdk7u80/2329/hotspot/src/share/vm/prims/jvm.cpp:1319

Events (10 events):
Event: 0.873 loading class 0x00007f9be5371bb0
Event: 0.873 loading class 0x00007f9be5371bb0 done
Event: 0.875 loading class 0x00007f9be3c633d0
Event: 0.875 loading class 0x00007f9be3c633d0 done
Event: 0.875 loading class 0x00007f9be3c633a0
Event: 0.875 loading class 0x00007f9be3c633a0 done
Event: 0.875 loading class 0x00007f9be800fac0
Event: 0.875 loading class 0x00007f9be800fac0 done
Event: 0.884 loading class 0x00007f9be681c890
Event: 0.884 loading class 0x00007f9be681c890 done


Dynamic libraries:
0x0000000022d03000 	/System/Library/Frameworks/Cocoa.framework/Versions/A/Cocoa
0x0000000022d03000 	/System/Library/Frameworks/Security.framework/Versions/A/Security
0x0000000022d03000 	/System/Library/Frameworks/ApplicationServices.framework/Versions/A/ApplicationServices
0x0000000022d03000 	/usr/lib/libz.1.dylib
0x0000000022d03000 	/usr/lib/libSystem.B.dylib
0x0000000022d03000 	/usr/lib/libobjc.A.dylib
0x0000000022d03000 	/System/Library/Frameworks/CoreFoundation.framework/Versions/A/CoreFoundation
0x0000000022d03000 	/System/Library/Frameworks/Foundation.framework/Versions/C/Foundation
0x0000000022d03000 	/System/Library/Frameworks/AppKit.framework/Versions/C/AppKit
0x0000000022d03000 	/System/Library/Frameworks/CoreData.framework/Versions/A/CoreData
0x0000000022d03000 	/System/Library/PrivateFrameworks/RemoteViewServices.framework/Versions/A/RemoteViewServices
0x0000000022d03000 	/System/Library/PrivateFrameworks/UIFoundation.framework/Versions/A/UIFoundation
0x0000000022d03000 	/System/Library/PrivateFrameworks/DFRFoundation.framework/Versions/A/DFRFoundation
0x0000000022d03000 	/usr/lib/libenergytrace.dylib
0x0000000022d03000 	/System/Library/PrivateFrameworks/SkyLight.framework/Versions/A/SkyLight
0x0000000022d03000 	/System/Library/Frameworks/CoreGraphics.framework/Versions/A/CoreGraphics
0x0000000022d03000 	/usr/lib/libScreenReader.dylib
0x0000000022d03000 	/System/Library/Frameworks/Accelerate.framework/Versions/A/Accelerate
0x0000000022d03000 	/System/Library/Frameworks/IOSurface.framework/Versions/A/IOSurface
0x0000000022d03000 	/System/Library/Frameworks/AudioToolbox.framework/Versions/A/AudioToolbox
0x0000000022d03000 	/System/Library/Frameworks/AudioUnit.framework/Versions/A/AudioUnit
0x0000000022d03000 	/System/Library/PrivateFrameworks/DataDetectorsCore.framework/Versions/A/DataDetectorsCore
0x0000000022d03000 	/System/Library/PrivateFrameworks/DesktopServicesPriv.framework/Versions/A/DesktopServicesPriv
0x0000000022d03000 	/System/Library/Frameworks/Carbon.framework/Versions/A/Frameworks/HIToolbox.framework/Versions/A/HIToolbox
0x0000000022d03000 	/usr/lib/libicucore.A.dylib
0x0000000022d03000 	/System/Library/Frameworks/QuartzCore.framework/Versions/A/QuartzCore
0x0000000022d03000 	/System/Library/Frameworks/Carbon.framework/Versions/A/Frameworks/SpeechRecognition.framework/Versions/A/SpeechRecognition
0x0000000022d03000 	/usr/lib/libauto.dylib
0x0000000022d03000 	/usr/lib/libxml2.2.dylib
0x0000000022d03000 	/System/Library/PrivateFrameworks/CoreUI.framework/Versions/A/CoreUI
0x0000000022d03000 	/System/Library/Frameworks/CoreAudio.framework/Versions/A/CoreAudio
0x0000000022d03000 	/System/Library/Frameworks/DiskArbitration.framework/Versions/A/DiskArbitration
0x0000000022d03000 	/usr/lib/liblangid.dylib
0x0000000022d03000 	/System/Library/PrivateFrameworks/MultitouchSupport.framework/Versions/A/MultitouchSupport
0x0000000022d03000 	/System/Library/Frameworks/IOKit.framework/Versions/A/IOKit
0x0000000022d03000 	/usr/lib/libDiagnosticMessagesClient.dylib
0x0000000022d03000 	/System/Library/Frameworks/CoreServices.framework/Versions/A/CoreServices
0x0000000022d03000 	/System/Library/PrivateFrameworks/PerformanceAnalysis.framework/Versions/A/PerformanceAnalysis
0x0000000022d03000 	/System/Library/PrivateFrameworks/GenerationalStorage.framework/Versions/A/GenerationalStorage
0x0000000022d03000 	/System/Library/Frameworks/OpenGL.framework/Versions/A/OpenGL
0x0000000022d03000 	/System/Library/Frameworks/CoreImage.framework/Versions/A/CoreImage
0x0000000022d03000 	/System/Library/Frameworks/CoreText.framework/Versions/A/CoreText
0x0000000022d03000 	/System/Library/Frameworks/ImageIO.framework/Versions/A/ImageIO
0x0000000022d03000 	/System/Library/PrivateFrameworks/Backup.framework/Versions/A/Backup
0x0000000022d03000 	/usr/lib/libarchive.2.dylib
0x0000000022d03000 	/System/Library/Frameworks/CFNetwork.framework/Versions/A/CFNetwork
0x0000000022d03000 	/System/Library/Frameworks/SystemConfiguration.framework/Versions/A/SystemConfiguration
0x0000000022d03000 	/usr/lib/libCRFSuite.dylib
0x0000000022d03000 	/usr/lib/libc++.1.dylib
0x0000000022d03000 	/usr/lib/libc++abi.dylib
0x0000000022d03000 	/usr/lib/system/libcache.dylib
0x0000000022d03000 	/usr/lib/system/libcommonCrypto.dylib
0x0000000022d03000 	/usr/lib/system/libcompiler_rt.dylib
0x0000000022d03000 	/usr/lib/system/libcopyfile.dylib
0x0000000022d03000 	/usr/lib/system/libcorecrypto.dylib
0x0000000022d03000 	/usr/lib/system/libdispatch.dylib
0x0000000022d03000 	/usr/lib/system/libdyld.dylib
0x0000000022d03000 	/usr/lib/system/libkeymgr.dylib
0x0000000022d03000 	/usr/lib/system/liblaunch.dylib
0x0000000022d03000 	/usr/lib/system/libmacho.dylib
0x0000000022d03000 	/usr/lib/system/libquarantine.dylib
0x0000000022d03000 	/usr/lib/system/libremovefile.dylib
0x0000000022d03000 	/usr/lib/system/libsystem_asl.dylib
0x0000000022d03000 	/usr/lib/system/libsystem_blocks.dylib
0x0000000022d03000 	/usr/lib/system/libsystem_c.dylib
0x0000000022d03000 	/usr/lib/system/libsystem_configuration.dylib
0x0000000022d03000 	/usr/lib/system/libsystem_coreservices.dylib
0x0000000022d03000 	/usr/lib/system/libsystem_coretls.dylib
0x0000000022d03000 	/usr/lib/system/libsystem_dnssd.dylib
0x0000000022d03000 	/usr/lib/system/libsystem_info.dylib
0x0000000022d03000 	/usr/lib/system/libsystem_kernel.dylib
0x0000000022d03000 	/usr/lib/system/libsystem_m.dylib
0x0000000022d03000 	/usr/lib/system/libsystem_malloc.dylib
0x0000000022d03000 	/usr/lib/system/libsystem_network.dylib
0x0000000022d03000 	/usr/lib/system/libsystem_networkextension.dylib
0x0000000022d03000 	/usr/lib/system/libsystem_notify.dylib
0x0000000022d03000 	/usr/lib/system/libsystem_platform.dylib
0x0000000022d03000 	/usr/lib/system/libsystem_pthread.dylib
0x0000000022d03000 	/usr/lib/system/libsystem_sandbox.dylib
0x0000000022d03000 	/usr/lib/system/libsystem_secinit.dylib
0x0000000022d03000 	/usr/lib/system/libsystem_symptoms.dylib
0x0000000022d03000 	/usr/lib/system/libsystem_trace.dylib
0x0000000022d03000 	/usr/lib/system/libunwind.dylib
0x0000000022d03000 	/usr/lib/system/libxpc.dylib
0x0000000022d03000 	/usr/lib/libbsm.0.dylib
0x0000000022d03000 	/usr/lib/system/libkxld.dylib
0x0000000022d03000 	/usr/lib/libcoretls.dylib
0x0000000022d03000 	/usr/lib/libcoretls_cfhelpers.dylib
0x0000000022d03000 	/usr/lib/libOpenScriptingUtil.dylib
0x0000000022d03000 	/usr/lib/libpam.2.dylib
0x0000000022d03000 	/usr/lib/libsqlite3.dylib
0x0000000022d03000 	/usr/lib/libxar.1.dylib
0x0000000022d03000 	/usr/lib/libbz2.1.0.dylib
0x0000000022d03000 	/usr/lib/liblzma.5.dylib
0x0000000022d03000 	/usr/lib/libnetwork.dylib
0x0000000022d03000 	/usr/lib/libpcap.A.dylib
0x0000000022d03000 	/System/Library/Frameworks/CoreServices.framework/Versions/A/Frameworks/FSEvents.framework/Versions/A/FSEvents
0x0000000022d03000 	/System/Library/Frameworks/CoreServices.framework/Versions/A/Frameworks/CarbonCore.framework/Versions/A/CarbonCore
0x0000000022d03000 	/System/Library/Frameworks/CoreServices.framework/Versions/A/Frameworks/Metadata.framework/Versions/A/Metadata
0x0000000022d03000 	/System/Library/Frameworks/CoreServices.framework/Versions/A/Frameworks/OSServices.framework/Versions/A/OSServices
0x0000000022d03000 	/System/Library/Frameworks/CoreServices.framework/Versions/A/Frameworks/SearchKit.framework/Versions/A/SearchKit
0x0000000022d03000 	/System/Library/Frameworks/CoreServices.framework/Versions/A/Frameworks/AE.framework/Versions/A/AE
0x0000000022d03000 	/System/Library/Frameworks/CoreServices.framework/Versions/A/Frameworks/LaunchServices.framework/Versions/A/LaunchServices
0x0000000022d03000 	/System/Library/Frameworks/CoreServices.framework/Versions/A/Frameworks/DictionaryServices.framework/Versions/A/DictionaryServices
0x0000000022d03000 	/System/Library/Frameworks/CoreServices.framework/Versions/A/Frameworks/SharedFileList.framework/Versions/A/SharedFileList
0x0000000022d03000 	/System/Library/Frameworks/NetFS.framework/Versions/A/NetFS
0x0000000022d03000 	/System/Library/PrivateFrameworks/NetAuth.framework/Versions/A/NetAuth
0x0000000022d03000 	/System/Library/PrivateFrameworks/login.framework/Versions/A/Frameworks/loginsupport.framework/Versions/A/loginsupport
0x0000000022d03000 	/System/Library/PrivateFrameworks/TCC.framework/Versions/A/TCC
0x0000000022d03000 	/usr/lib/libmecabra.dylib
0x0000000022d03000 	/System/Library/Frameworks/ApplicationServices.framework/Versions/A/Frameworks/ATS.framework/Versions/A/ATS
0x0000000022d03000 	/System/Library/Frameworks/ApplicationServices.framework/Versions/A/Frameworks/ColorSync.framework/Versions/A/ColorSync
0x0000000022d03000 	/System/Library/Frameworks/ApplicationServices.framework/Versions/A/Frameworks/HIServices.framework/Versions/A/HIServices
0x0000000022d03000 	/System/Library/Frameworks/ApplicationServices.framework/Versions/A/Frameworks/LangAnalysis.framework/Versions/A/LangAnalysis
0x0000000022d03000 	/System/Library/Frameworks/ApplicationServices.framework/Versions/A/Frameworks/PrintCore.framework/Versions/A/PrintCore
0x0000000022d03000 	/System/Library/Frameworks/ApplicationServices.framework/Versions/A/Frameworks/QD.framework/Versions/A/QD
0x0000000022d03000 	/System/Library/Frameworks/ApplicationServices.framework/Versions/A/Frameworks/SpeechSynthesis.framework/Versions/A/SpeechSynthesis
0x0000000022d03000 	/System/Library/Frameworks/Accelerate.framework/Versions/A/Frameworks/vImage.framework/Versions/A/vImage
0x0000000022d03000 	/System/Library/Frameworks/Accelerate.framework/Versions/A/Frameworks/vecLib.framework/Versions/A/vecLib
0x0000000022d03000 	/System/Library/Frameworks/Accelerate.framework/Versions/A/Frameworks/vecLib.framework/Versions/A/libvDSP.dylib
0x0000000022d03000 	/System/Library/Frameworks/Accelerate.framework/Versions/A/Frameworks/vecLib.framework/Versions/A/libBNNS.dylib
0x0000000022d03000 	/System/Library/Frameworks/Accelerate.framework/Versions/A/Frameworks/vecLib.framework/Versions/A/libQuadrature.dylib
0x0000000022d03000 	/System/Library/Frameworks/Accelerate.framework/Versions/A/Frameworks/vecLib.framework/Versions/A/libvMisc.dylib
0x0000000022d03000 	/System/Library/Frameworks/Accelerate.framework/Versions/A/Frameworks/vecLib.framework/Versions/A/libLAPACK.dylib
0x0000000022d03000 	/System/Library/Frameworks/Accelerate.framework/Versions/A/Frameworks/vecLib.framework/Versions/A/libBLAS.dylib
0x0000000022d03000 	/System/Library/Frameworks/Accelerate.framework/Versions/A/Frameworks/vecLib.framework/Versions/A/libLinearAlgebra.dylib
0x0000000022d03000 	/System/Library/Frameworks/Accelerate.framework/Versions/A/Frameworks/vecLib.framework/Versions/A/libSparseBLAS.dylib
0x0000000022d03000 	/System/Library/Frameworks/ApplicationServices.framework/Versions/A/Frameworks/ATS.framework/Versions/A/Resources/libFontParser.dylib
0x0000000022d03000 	/System/Library/Frameworks/ApplicationServices.framework/Versions/A/Frameworks/ATS.framework/Versions/A/Resources/libFontRegistry.dylib
0x0000000022d03000 	/System/Library/Frameworks/ImageIO.framework/Versions/A/Resources/libJPEG.dylib
0x0000000022d03000 	/System/Library/Frameworks/ImageIO.framework/Versions/A/Resources/libTIFF.dylib
0x0000000022d03000 	/System/Library/Frameworks/ImageIO.framework/Versions/A/Resources/libPng.dylib
0x0000000022d03000 	/System/Library/Frameworks/ImageIO.framework/Versions/A/Resources/libGIF.dylib
0x0000000022d03000 	/System/Library/Frameworks/ImageIO.framework/Versions/A/Resources/libJP2.dylib
0x0000000022d03000 	/System/Library/Frameworks/ImageIO.framework/Versions/A/Resources/libRadiance.dylib
0x0000000022d03000 	/usr/lib/libcompression.dylib
0x0000000022d03000 	/System/Library/PrivateFrameworks/AppleJPEG.framework/Versions/A/AppleJPEG
0x0000000022d03000 	/usr/lib/libcups.2.dylib
0x0000000022d03000 	/System/Library/Frameworks/Kerberos.framework/Versions/A/Kerberos
0x0000000022d03000 	/System/Library/Frameworks/GSS.framework/Versions/A/GSS
0x0000000022d03000 	/usr/lib/libresolv.9.dylib
0x0000000022d03000 	/usr/lib/libiconv.2.dylib
0x0000000022d03000 	/System/Library/PrivateFrameworks/Heimdal.framework/Versions/A/Heimdal
0x0000000022d03000 	/usr/lib/libheimdal-asn1.dylib
0x0000000022d03000 	/System/Library/Frameworks/OpenDirectory.framework/Versions/A/OpenDirectory
0x0000000022d03000 	/System/Library/PrivateFrameworks/CommonAuth.framework/Versions/A/CommonAuth
0x0000000022d03000 	/System/Library/Frameworks/OpenDirectory.framework/Versions/A/Frameworks/CFOpenDirectory.framework/Versions/A/CFOpenDirectory
0x0000000022d03000 	/System/Library/Frameworks/SecurityFoundation.framework/Versions/A/SecurityFoundation
0x0000000022d03000 	/System/Library/PrivateFrameworks/LanguageModeling.framework/Versions/A/LanguageModeling
0x0000000022d03000 	/usr/lib/libmarisa.dylib
0x0000000022d03000 	/usr/lib/libChineseTokenizer.dylib
0x0000000022d03000 	/usr/lib/libcmph.dylib
0x0000000022d03000 	/System/Library/PrivateFrameworks/CoreEmoji.framework/Versions/A/CoreEmoji
0x0000000022d03000 	/System/Library/Frameworks/ServiceManagement.framework/Versions/A/ServiceManagement
0x0000000022d03000 	/usr/lib/libxslt.1.dylib
0x0000000022d03000 	/System/Library/Frameworks/Carbon.framework/Versions/A/Frameworks/Ink.framework/Versions/A/Ink
0x0000000022d03000 	/System/Library/PrivateFrameworks/TextureIO.framework/Versions/A/TextureIO
0x0000000022d03000 	/System/Library/Frameworks/Metal.framework/Versions/A/Metal
0x0000000022d03000 	/usr/lib/libate.dylib
0x0000000022d03000 	/System/Library/PrivateFrameworks/GPUCompiler.framework/libmetal_timestamp.dylib
0x0000000022d03000 	/System/Library/Frameworks/OpenGL.framework/Versions/A/Libraries/libCoreFSCache.dylib
0x0000000022d03000 	/System/Library/PrivateFrameworks/IOAccelerator.framework/Versions/A/IOAccelerator
0x0000000022d03000 	/System/Library/Frameworks/CoreVideo.framework/Versions/A/CoreVideo
0x0000000022d03000 	/usr/lib/libFosl_dynamic.dylib
0x0000000022d03000 	/System/Library/PrivateFrameworks/MetalPerformanceShaders.framework/Versions/A/MetalPerformanceShaders
0x0000000022d03000 	/System/Library/PrivateFrameworks/FaceCore.framework/Versions/A/FaceCore
0x0000000022d03000 	/System/Library/Frameworks/OpenCL.framework/Versions/A/OpenCL
0x0000000022d03000 	/System/Library/Frameworks/OpenGL.framework/Versions/A/Libraries/libGLU.dylib
0x0000000022d03000 	/System/Library/Frameworks/OpenGL.framework/Versions/A/Libraries/libGFXShared.dylib
0x0000000022d03000 	/System/Library/Frameworks/OpenGL.framework/Versions/A/Libraries/libGL.dylib
0x0000000022d03000 	/System/Library/Frameworks/OpenGL.framework/Versions/A/Libraries/libGLImage.dylib
0x0000000022d03000 	/System/Library/Frameworks/OpenGL.framework/Versions/A/Libraries/libCVMSPluginSupport.dylib
0x0000000022d03000 	/System/Library/Frameworks/OpenGL.framework/Versions/A/Libraries/libCoreVMClient.dylib
0x0000000022d03000 	/System/Library/PrivateFrameworks/CrashReporterSupport.framework/Versions/A/CrashReporterSupport
0x0000000022d03000 	/System/Library/PrivateFrameworks/Sharing.framework/Versions/A/Sharing
0x0000000022d03000 	/System/Library/PrivateFrameworks/IconServices.framework/Versions/A/IconServices
0x0000000022d03000 	/System/Library/PrivateFrameworks/ProtocolBuffer.framework/Versions/A/ProtocolBuffer
0x0000000022d03000 	/System/Library/PrivateFrameworks/Apple80211.framework/Versions/A/Apple80211
0x0000000022d03000 	/System/Library/Frameworks/CoreWLAN.framework/Versions/A/CoreWLAN
0x0000000022d03000 	/System/Library/PrivateFrameworks/CoreUtils.framework/Versions/A/CoreUtils
0x0000000022d03000 	/System/Library/Frameworks/IOBluetooth.framework/Versions/A/IOBluetooth
0x0000000022d03000 	/System/Library/PrivateFrameworks/CoreWiFi.framework/Versions/A/CoreWiFi
0x0000000022d03000 	/System/Library/Frameworks/CoreBluetooth.framework/Versions/A/CoreBluetooth
0x0000000022d03000 	/System/Library/Frameworks/CoreDisplay.framework/Versions/A/CoreDisplay
0x0000000022d03000 	/System/Library/PrivateFrameworks/IOPresentment.framework/Versions/A/IOPresentment
0x0000000022d03000 	/System/Library/PrivateFrameworks/DSExternalDisplay.framework/Versions/A/DSExternalDisplay
0x0000000022d03000 	/System/Library/PrivateFrameworks/DebugSymbols.framework/Versions/A/DebugSymbols
0x0000000022d03000 	/System/Library/PrivateFrameworks/CoreSymbolication.framework/Versions/A/CoreSymbolication
0x0000000022d03000 	/System/Library/PrivateFrameworks/Symbolication.framework/Versions/A/Symbolication
0x0000000022d03000 	/System/Library/PrivateFrameworks/AppleFSCompression.framework/Versions/A/AppleFSCompression
0x0000000022d03000 	/System/Library/PrivateFrameworks/SpeechRecognitionCore.framework/Versions/A/SpeechRecognitionCore
0x0000000022d03000 	/System/Library/PrivateFrameworks/ChunkingLibrary.framework/Versions/A/ChunkingLibrary
0x000000010f2f9000 	/System/Library/CoreServices/Encodings/libSimplifiedChineseConverter.dylib
0x0000000110512000 	/Library/Java/JavaVirtualMachines/jdk1.7.0_80.jdk/Contents/Home/jre/lib/server/libjvm.dylib
0x0000000022d03000 	/usr/lib/libstdc++.6.dylib
0x000000010f33d000 	/Library/Java/JavaVirtualMachines/jdk1.7.0_80.jdk/Contents/Home/jre/lib/libverify.dylib
0x000000010f34a000 	/Library/Java/JavaVirtualMachines/jdk1.7.0_80.jdk/Contents/Home/jre/lib/libjava.dylib
0x000000010f384000 	/Library/Java/JavaVirtualMachines/jdk1.7.0_80.jdk/Contents/Home/jre/lib/libzip.dylib
0x000000010f3e1000 	/System/Library/Frameworks/JavaVM.framework/Frameworks/JavaRuntimeSupport.framework/JavaRuntimeSupport
0x000000011ac7b000 	/System/Library/Frameworks/JavaVM.framework/Versions/A/Frameworks/JavaNativeFoundation.framework/Versions/A/JavaNativeFoundation
0x000000011ac90000 	/System/Library/Frameworks/JavaVM.framework/Versions/A/JavaVM
0x0000000022d03000 	/System/Library/Frameworks/Carbon.framework/Versions/A/Carbon
0x000000011ac9d000 	/System/Library/PrivateFrameworks/JavaLaunching.framework/Versions/A/JavaLaunching
0x0000000022d03000 	/System/Library/Frameworks/Carbon.framework/Versions/A/Frameworks/CommonPanels.framework/Versions/A/CommonPanels
0x0000000022d03000 	/System/Library/Frameworks/Carbon.framework/Versions/A/Frameworks/Help.framework/Versions/A/Help
0x0000000022d03000 	/System/Library/Frameworks/Carbon.framework/Versions/A/Frameworks/ImageCapture.framework/Versions/A/ImageCapture
0x0000000022d03000 	/System/Library/Frameworks/Carbon.framework/Versions/A/Frameworks/OpenScripting.framework/Versions/A/OpenScripting
0x0000000022d03000 	/System/Library/Frameworks/Carbon.framework/Versions/A/Frameworks/Print.framework/Versions/A/Print
0x0000000022d03000 	/System/Library/Frameworks/Carbon.framework/Versions/A/Frameworks/SecurityHI.framework/Versions/A/SecurityHI
0x000000011c65c000 	/Library/Java/JavaVirtualMachines/jdk1.7.0_80.jdk/Contents/Home/jre/lib/libnet.dylib
0x000000011cb73000 	/Library/Java/JavaVirtualMachines/jdk1.7.0_80.jdk/Contents/Home/jre/lib/libnio.dylib
0x000000011c854000 	/private/var/folders/v5/lm1dgzs13b5dwvqfddjctdr80000gn/T/jna-2054097333/jna7190787538872838617.tmp
0x000000011cc4f000 	/usr/local/lib/libtesseract.dylib
0x000000011d158000 	/usr/local/opt/leptonica/lib/liblept.5.dylib
0x000000011c869000 	/usr/local/opt/libpng/lib/libpng16.16.dylib
0x000000011c895000 	/usr/local/opt/jpeg/lib/libjpeg.9.dylib
0x000000011c95c000 	/usr/local/opt/libtiff/lib/libtiff.5.dylib
0x000000011d348000 	/Library/Java/JavaVirtualMachines/jdk1.7.0_80.jdk/Contents/Home/jre/lib/libawt.dylib
0x000000011d3f7000 	/Library/Java/JavaVirtualMachines/jdk1.7.0_80.jdk/Contents/Home/jre/lib/./libmlib_image.dylib
0x000000011d4c3000 	/Library/Java/JavaVirtualMachines/jdk1.7.0_80.jdk/Contents/Home/jre/lib/lwawt/liblwawt.dylib
0x000000011c9c5000 	/Library/Java/JavaVirtualMachines/jdk1.7.0_80.jdk/Contents/Home/jre/lib/libosxapp.dylib
0x0000000022d03000 	/System/Library/Frameworks/ExceptionHandling.framework/Versions/A/ExceptionHandling
0x0000000022d03000 	/System/Library/PrivateFrameworks/CoreServicesInternal.framework/Versions/A/CoreServicesInternal
0x0000000022d03000 	/System/Library/CoreServices/RawCamera.bundle/Contents/MacOS/RawCamera
0x0000000022d03000 	/System/Library/Frameworks/Accelerate.framework/Versions/A/Frameworks/vImage.framework/Versions/A/Libraries/libCGInterfaces.dylib
0x0000000022d03000 	/System/Library/Frameworks/ApplicationServices.framework/Versions/A/Frameworks/ATS.framework/Versions/A/Resources/libTrueTypeScaler.dylib
0x000000011f336000 	/System/Library/Frameworks/OpenGL.framework/Resources/GLEngine.bundle/GLEngine
0x0000000022d03000 	/System/Library/Frameworks/OpenGL.framework/Versions/A/Libraries/libGLProgrammability.dylib
0x000000011f51b000 	/System/Library/Extensions/AppleIntelHD5000GraphicsGLDriver.bundle/Contents/MacOS/AppleIntelHD5000GraphicsGLDriver
0x0000000022d03000 	/System/Library/PrivateFrameworks/GPUSupport.framework/Versions/A/Libraries/libGPUSupportMercury.dylib
0x000000011fc89000 	/System/Library/Frameworks/OpenGL.framework/Resources//GLRendererFloat.bundle/GLRendererFloat
0x0000000022d03000 	/System/Library/Frameworks/OpenCL.framework/Versions/A/Libraries/libcldcpuengine.dylib
0x0000000022d03000 	/usr/lib/libcrypto.0.9.8.dylib
0x0000000022d03000 	/System/Library/PrivateFrameworks/TrustEvaluationAgent.framework/Versions/A/TrustEvaluationAgent
0x000000011fcbd000 	/System/Library/Extensions/AppleIntelHD5000GraphicsMTLDriver.bundle/Contents/MacOS/AppleIntelHD5000GraphicsMTLDriver
0x0000000022d03000 	/System/Library/PrivateFrameworks/FamilyControls.framework/Versions/A/FamilyControls
0x0000000022d03000 	/System/Library/PrivateFrameworks/CommerceKit.framework/Versions/A/Frameworks/CommerceCore.framework/Versions/A/CommerceCore
0x0000000022d03000 	/System/Library/PrivateFrameworks/SystemAdministration.framework/Versions/A/SystemAdministration
0x0000000022d03000 	/System/Library/PrivateFrameworks/AppContainer.framework/Versions/A/AppContainer
0x0000000022d03000 	/System/Library/PrivateFrameworks/SecCodeWrapper.framework/Versions/A/SecCodeWrapper
0x0000000022d03000 	/System/Library/Frameworks/DirectoryService.framework/Versions/A/DirectoryService
0x0000000022d03000 	/System/Library/PrivateFrameworks/DiskImages.framework/Versions/A/DiskImages
0x0000000022d03000 	/System/Library/PrivateFrameworks/LoginUIKit.framework/Versions/A/Frameworks/LoginUICore.framework/Versions/A/LoginUICore
0x0000000022d03000 	/usr/lib/libCoreStorage.dylib
0x0000000022d03000 	/usr/lib/libcsfde.dylib
0x0000000022d03000 	/usr/lib/libodfde.dylib
0x0000000022d03000 	/System/Library/Frameworks/DiscRecording.framework/Versions/A/DiscRecording
0x0000000022d03000 	/usr/lib/libcurl.4.dylib
0x0000000022d03000 	/System/Library/PrivateFrameworks/MediaKit.framework/Versions/A/MediaKit
0x0000000022d03000 	/System/Library/PrivateFrameworks/ProtectedCloudStorage.framework/Versions/A/ProtectedCloudStorage
0x0000000022d03000 	/System/Library/PrivateFrameworks/EFILogin.framework/Versions/A/EFILogin
0x0000000022d03000 	/usr/lib/libutil.dylib
0x0000000022d03000 	/System/Library/Frameworks/LDAP.framework/Versions/A/LDAP
0x0000000022d03000 	/usr/lib/libsasl2.2.dylib
0x0000000022d03000 	/System/Library/PrivateFrameworks/CoreDaemon.framework/Versions/B/CoreDaemon
0x0000000022d03000 	/System/Library/PrivateFrameworks/AppleSRP.framework/Versions/A/AppleSRP
0x0000000022d03000 	/System/Library/PrivateFrameworks/APFS.framework/Versions/A/APFS

VM Arguments:
jvm_args: -Xms512M -Xmx2048M -Dfile.encoding=UTF-8 
java_command: org.eclipse.jdt.internal.junit.runner.RemoteTestRunner -version 3 -port 53869 -testLoaderClass org.eclipse.jdt.internal.junit4.runner.JUnit4TestLoader -loaderpluginname org.eclipse.jdt.junit4.runtime -test com.csocr.web.Tesseract1Test:testDoOCR_File
Launcher Type: SUN_STANDARD

Environment Variables:
PATH=/usr/bin:/bin:/usr/sbin:/sbin
SHELL=/bin/bash

Signal Handlers:
SIGSEGV: [libjvm.dylib+0x52e8c9], sa_mask[0]=0xfffefeff, sa_flags=0x00000043
SIGBUS: [libjvm.dylib+0x52e8c9], sa_mask[0]=0xfffefeff, sa_flags=0x00000042
SIGFPE: [libjvm.dylib+0x42022e], sa_mask[0]=0xfffefeff, sa_flags=0x00000042
SIGPIPE: [libjvm.dylib+0x42022e], sa_mask[0]=0xfffefeff, sa_flags=0x00000042
SIGXFSZ: [libjvm.dylib+0x42022e], sa_mask[0]=0xfffefeff, sa_flags=0x00000042
SIGILL: [libjvm.dylib+0x42022e], sa_mask[0]=0xfffefeff, sa_flags=0x00000042
SIGUSR1: SIG_DFL, sa_mask[0]=0x00000000, sa_flags=0x00000000
SIGUSR2: [libjvm.dylib+0x41fd20], sa_mask[0]=0x00000004, sa_flags=0x00000042
SIGHUP: [libjvm.dylib+0x41dfd5], sa_mask[0]=0xfffefeff, sa_flags=0x00000042
SIGINT: [libjvm.dylib+0x41dfd5], sa_mask[0]=0xfffefeff, sa_flags=0x00000042
SIGTERM: [libjvm.dylib+0x41dfd5], sa_mask[0]=0xfffefeff, sa_flags=0x00000042
SIGQUIT: [libjvm.dylib+0x41dfd5], sa_mask[0]=0xfffefeff, sa_flags=0x00000042


---------------  S Y S T E M  ---------------

OS:Bsduname:Darwin 16.5.0 Darwin Kernel Version 16.5.0: Fri Mar  3 16:52:33 PST 2017; root:xnu-3789.51.2~3/RELEASE_X86_64 x86_64
rlimit: STACK 8192k, CORE 0k, NPROC 709, NOFILE 10240, AS infinity
load average:2.00 1.98 2.08

CPU:total 8 (4 cores per cpu, 2 threads per core) family 6 model 70 stepping 1, cmov, cx8, fxsr, mmx, sse, sse2, sse3, ssse3, sse4.1, sse4.2, popcnt, avx, avx2, aes, erms, ht, tsc, tscinvbit

Memory: 4k page, physical 16777216k(4194304k free)

/proc/meminfo:


vm_info: Java HotSpot(TM) 64-Bit Server VM (24.80-b11) for bsd-amd64 JRE (1.7.0_80-b15), built on Apr 10 2015 11:25:43 by "java_re" with gcc 4.2.1 (Based on Apple Inc. build 5658) (LLVM build 2336.11.00)

time: Thu Dec 14 17:20:53 2017
elapsed time: 0 seconds

